Cart data before processing: Array
(
    [0] => Array
        (
            [ten_sp] => Áo bóng rổ 5
            [id] => 137
            [so_luong] => 1
            [gia_sp] => 300000
            [hinh_anh] => aobr5.jpg
            [ma_sp] => br5
        )

)
Processing cart items...Product ID: 137, Quantity: 1, Subtotal: 300000Inserting cart into tbl_hoadon for customer: 26Updating stock for Product ID: 137, Quantity: 1Cart unset after order processing.Product ID: 137, Quantity: 1, Subtotal: 300000Cart data before processing: Array
(
    [0] => Array
        (
            [ten_sp] => Áo bóng rổ 5
            [id] => 137
            [so_luong] => 1
            [gia_sp] => 300000
            [hinh_anh] => aobr5.jpg
            [ma_sp] => br5
        )

)
Processing cart items...Inserting cart into tbl_hoadon for customer: 26Updating stock for Product ID: 137, Quantity: 1Cart unset after order processing.Product ID: 137, Quantity: 1, Subtotal: 300000Cart data before processing: Array
(
    [0] => Array
        (
            [ten_sp] => Áo bóng rổ 5
            [id] => 137
            [so_luong] => 1
            [gia_sp] => 300000
            [hinh_anh] => aobr5.jpg
            [ma_sp] => br5
        )

)
Processing cart items...Inserting cart into tbl_hoadon for customer: 26Updating stock for Product ID: 137, Quantity: 1Cart unset after order processing.Product ID: 137, Quantity: 2, Subtotal: 600000Cart data before processing: Array
(
    [0] => Array
        (
            [ten_sp] => Áo bóng rổ 5
            [id] => 137
            [so_luong] => 2
            [gia_sp] => 300000
            [hinh_anh] => aobr5.jpg
            [ma_sp] => br5
        )

)
Processing cart items...Inserting cart into tbl_hoadon for customer: 26Updating stock for Product ID: 137, Quantity: 2Cart unset after order processing.Product ID: 137, Quantity: 1, Subtotal: 300000Cart session data after processing: Array
(
    [0] => Array
        (
            [ten_sp] => Áo bóng rổ 5
            [id] => 137
            [so_luong] => 1
            [gia_sp] => 300000
            [hinh_anh] => aobr5.jpg
            [ma_sp] => br5
        )

)
Product ID: 137, Quantity: 1, Subtotal: 300000Cart data before processing: Array
(
    [0] => Array
        (
            [ten_sp] => Áo bóng rổ 5
            [id] => 137
            [so_luong] => 1
            [gia_sp] => 300000
            [hinh_anh] => aobr5.jpg
            [ma_sp] => br5
        )

)
Processing cart items...Inserting cart into tbl_hoadon for customer: 26Updating stock for Product ID: 137, Quantity: 1Cart unset after order processing.Product ID: 137, Quantity: 1, Subtotal: 300000Cart session data after processing: Array
(
    [0] => Array
        (
            [ten_sp] => Áo bóng rổ 5
            [id] => 137
            [so_luong] => 1
            [gia_sp] => 300000
            [hinh_anh] => aobr5.jpg
            [ma_sp] => br5
        )

)
Product ID: 137, Quantity: 1, Subtotal: 300000Cart data before processing: Array
(
    [0] => Array
        (
            [ten_sp] => Áo bóng rổ 5
            [id] => 137
            [so_luong] => 1
            [gia_sp] => 300000
            [hinh_anh] => aobr5.jpg
            [ma_sp] => br5
        )

)
Processing cart items...Inserting cart into tbl_hoadon for customer: 26Cart unset after order processing.Product ID: 136, Quantity: 1, Subtotal: 300000Cart session data after processing: Array
(
    [0] => Array
        (
            [ten_sp] => Áo bóng rổ 4
            [id] => 136
            [so_luong] => 1
            [gia_sp] => 300000
            [hinh_anh] => aobr4.jpg
            [ma_sp] => br4
        )

)
Product ID: 136, Quantity: 1, Subtotal: 300000Cart data before processing: Array
(
    [0] => Array
        (
            [ten_sp] => Áo bóng rổ 4
            [id] => 136
            [so_luong] => 1
            [gia_sp] => 300000
            [hinh_anh] => aobr4.jpg
            [ma_sp] => br4
        )

)
Processing cart items...Inserting cart into tbl_hoadon for customer: 26Cart unset after order processing.Order processed successfully for customer: 26Order processed successfully for customer: 26Product ID: 134, Quantity: 1, Subtotal: 300000Processing cart items...Inserting cart into tbl_hoadon for customer: 26Cart unset after order processing.Product ID: 131, Quantity: 1, Subtotal: 400000Processing cart items...Inserting cart into tbl_hoadon for customer: 26Product ID: 137, Quantity: 1, Subtotal: 300000Processing cart items...Inserting cart into tbl_hoadon for customer: 26Product ID: 137, Quantity: 1, Subtotal: 300000Processing cart items...Inserting cart into tbl_hoadon for customer: 26Product ID: 137, Quantity: 1, Subtotal: 300000Processing cart items...Inserting cart into tbl_hoadon for customer: 26Product ID: 137, Quantity: 1, Subtotal: 300000Processing cart items...Inserting cart into tbl_hoadon for customer: 26