Email sent successfully.Email sent successfully.Email sent successfully.Email sent successfully.Email sent successfully.Email sent successfully.Product ID: 137, Quantity: 2, Subtotal: 600000Email sent successfully.Array
(
    [0] => Array
        (
            [ten_sp] => Áo bóng rổ 5
            [id] => 137
            [so_luong] => 2
            [gia_sp] => 300000
            [hinh_anh] => aobr5.jpg
            [ma_sp] => br5
        )

)
Product ID: 137, Quantity: 1, Subtotal: 300000Email sent successfully.Array
(
    [0] => Array
        (
            [ten_sp] => Áo bóng rổ 5
            [id] => 137
            [so_luong] => 1
            [gia_sp] => 300000
            [hinh_anh] => aobr5.jpg
            [ma_sp] => br5
        )

)
Product ID: 137, Quantity: 1, Subtotal: 300000Email sent successfully.Array
(
    [0] => Array
        (
            [ten_sp] => Áo bóng rổ 5
            [id] => 137
            [so_luong] => 1
            [gia_sp] => 300000
            [hinh_anh] => aobr5.jpg
            [ma_sp] => br5
        )

)
Product ID: 136, Quantity: 1, Subtotal: 300000Email sent successfully.Array
(
    [0] => Array
        (
            [ten_sp] => Áo bóng rổ 4
            [id] => 136
            [so_luong] => 1
            [gia_sp] => 300000
            [hinh_anh] => aobr4.jpg
            [ma_sp] => br4
        )

)
Product ID: 134, Quantity: 1, Subtotal: 300000Email sent successfully.Array
(
    [0] => Array
        (
            [ten_sp] => Áo bóng rổ 2
            [id] => 134
            [so_luong] => 1
            [gia_sp] => 300000
            [hinh_anh] => aobr2.jpg
            [ma_sp] => br2
        )

)
Product ID: 131, Quantity: 1, Subtotal: 400000Email sent successfully.Array
(
    [0] => Array
        (
            [ten_sp] => Áo cầu lông 5
            [id] => 131
            [so_luong] => 1
            [gia_sp] => 400000
            [hinh_anh] => aocaulong5.jpg
            [ma_sp] => ynex5
        )

)
Product ID: 137, Quantity: 1, Subtotal: 300000Email sent successfully.Array
(
    [0] => Array
        (
            [ten_sp] => Áo bóng rổ 5
            [id] => 137
            [so_luong] => 1
            [gia_sp] => 300000
            [hinh_anh] => aobr5.jpg
            [ma_sp] => br5
        )

)
Product ID: 137, Quantity: 1, Subtotal: 300000Email sent successfully.Array
(
    [0] => Array
        (
            [ten_sp] => Áo bóng rổ 5
            [id] => 137
            [so_luong] => 1
            [gia_sp] => 300000
            [hinh_anh] => aobr5.jpg
            [ma_sp] => br5
        )

)
Product ID: 137, Quantity: 1, Subtotal: 300000Email sent successfully.Array
(
    [0] => Array
        (
            [ten_sp] => Áo bóng rổ 5
            [id] => 137
            [so_luong] => 1
            [gia_sp] => 300000
            [hinh_anh] => aobr5.jpg
            [ma_sp] => br5
        )

)
Product ID: 137, Quantity: 1, Subtotal: 300000Failed to send email. HTTP Response Code: 401Response: {"message":"Key not found","code":"unauthorized"}
Array
(
    [0] => Array
        (
            [ten_sp] => Áo bóng rổ 5
            [id] => 137
            [so_luong] => 1
            [gia_sp] => 300000
            [hinh_anh] => aobr5.jpg
            [ma_sp] => br5
        )

)
Product ID: 221, Quantity: 2, Subtotal: 800000Failed to send email. HTTP Response Code: 401Response: {"message":"API Key is not enabled","code":"unauthorized"}
Array
(
    [0] => Array
        (
            [ten_sp] => Áo cầu lông nam PowerFlex
            [id] => 221
            [so_luong] => 2
            [gia_sp] => 400000
            [hinh_anh] => cl19.jpg
            [ma_sp] => ACL019
        )

)
Product ID: 221, Quantity: 2, Subtotal: 800000Failed to send email. HTTP Response Code: 401Response: {"message":"API Key is not enabled","code":"unauthorized"}
Array
(
    [0] => Array
        (
            [ten_sp] => Áo cầu lông nam PowerFlex
            [id] => 221
            [so_luong] => 2
            [gia_sp] => 400000
            [hinh_anh] => cl19.jpg
            [ma_sp] => ACL019
        )

)
Product ID: 221, Quantity: 2, Subtotal: 800000Failed to send email. HTTP Response Code: 401Response: {"message":"API Key is not enabled","code":"unauthorized"}
Array
(
    [0] => Array
        (
            [ten_sp] => Áo cầu lông nam PowerFlex
            [id] => 221
            [so_luong] => 2
            [gia_sp] => 400000
            [hinh_anh] => cl19.jpg
            [ma_sp] => ACL019
        )

)
Product ID: 221, Quantity: 2, Subtotal: 800000Failed to send email. HTTP Response Code: 401Response: {"message":"API Key is not enabled","code":"unauthorized"}
Array
(
    [0] => Array
        (
            [ten_sp] => Áo cầu lông nam PowerFlex
            [id] => 221
            [so_luong] => 2
            [gia_sp] => 400000
            [hinh_anh] => cl19.jpg
            [ma_sp] => ACL019
        )

)
Product ID: 221, Quantity: 2, Subtotal: 800000Order confirmation email sent successfully to: zaikaman123@gmail.comArray
(
    [0] => Array
        (
            [ten_sp] => Áo cầu lông nam PowerFlex
            [ma_sp] => ACL019
            [gia_sp] => 400000
            [so_luong] => 2
        )

)
Product ID: 221, Quantity: 1, Subtotal: 400000Order confirmation email sent successfully to: zaikaman123@gmail.comArray
(
    [0] => Array
        (
            [ten_sp] => Áo cầu lông nam PowerFlex
            [ma_sp] => ACL019
            [gia_sp] => 400000
            [so_luong] => 1
        )

)
